<?xml version="1.0" encoding="UTF-8"?>
<testng-results skipped="0" failed="0" ignored="0" total="1" passed="1">
  <reporter-output>
  </reporter-output>
  <suite name="Default suite" duration-ms="159" started-at="2018-02-07T06:53:30Z" finished-at="2018-02-07T06:53:30Z">
    <groups>
    </groups>
    <test name="Default test" duration-ms="159" started-at="2018-02-07T06:53:30Z" finished-at="2018-02-07T06:53:30Z">
      <class name="ftnt.qa.autotest.ui.fortisiem.testcases.NewTest">
        <test-method status="PASS" signature="beforeSuite()[pri:0, instance:ftnt.qa.autotest.ui.fortisiem.testcases.NewTest@12f41634]" name="beforeSuite" is-config="true" duration-ms="36" started-at="2018-02-07T06:53:30Z" finished-at="2018-02-07T06:53:30Z">
          <reporter-output>
          </reporter-output>
        </test-method> <!-- beforeSuite -->
        <test-method status="PASS" signature="f()[pri:0, instance:ftnt.qa.autotest.ui.fortisiem.testcases.NewTest@12f41634]" name="f" duration-ms="17" started-at="2018-02-07T06:53:30Z" finished-at="2018-02-07T06:53:30Z">
          <reporter-output>
          </reporter-output>
        </test-method> <!-- f -->
      </class> <!-- ftnt.qa.autotest.ui.fortisiem.testcases.NewTest -->
    </test> <!-- Default test -->
  </suite> <!-- Default suite -->
</testng-results>
